Compiling d:\stuff\vfp2cexamples\files.prg
"No. of subdirectories:", laDir[2]
Error in line 12: Unrecognized command verb.
"Size of files:", laDir[3] 
Error in line 13: Unrecognized command verb.

Compiling d:\stuff\vfp2cexamples\printer.prg
? "Imageable Area Top:" laForms[xj,6]
Error in line 154: Command contains unrecognized phrase/keyword.
? "Imageable Area Left:" laForms[xj,7]
Error in line 155: Command contains unrecognized phrase/keyword.
? "Imageable Area Right:" laForms[xj,8]
Error in line 156: Command contains unrecognized phrase/keyword.
? "Tray-No.:" laTrays[xj,2]
Error in line 168: Command contains unrecognized phrase/keyword.

Compiling d:\stuff\vfp2cexamples\globalhotkey.prg
STORE .F. THIS.aKeys
Error in line 34: Command contains unrecognized phrase/keyword.

Program d:\stuff\vfp2cexamples\files.prg has the following errors:
    Unknown LADIR - Undefined
    Unknown LADRIVES - Undefined

Program d:\stuff\vfp2cexamples\inet.prg has the following errors:
    Unknown LAPINGS - Undefined

Program d:\stuff\vfp2cexamples\printer.prg has the following errors:
    Unknown LAJOBS - Undefined
    Unknown LAFORMS - Undefined
    Unknown LATRAYS - Undefined

Program d:\stuff\vfp2cexamples\ras.prg has the following errors:
    Unknown LACONS - Undefined
    Unknown LABOOK - Undefined

Program d:\stuff\vfp2cexamples\wintaskbar.prg has the following errors:
    Unknown GETAUTOHIDESTATEX - Undefined
    Unknown SETAUTOHIDESTATEX - Undefined

